<?xml version="1.0" encoding="UTF-8" ?>
<testsuite tests="19" failures="0" name="step_definitions.RunCukesTest" time="0.704" errors="0" skipped="0">
  <properties>
    <property name="idea.version" value="2022.2.3"/>
    <property name="java.runtime.name" value="Java(TM) SE Runtime Environment"/>
    <property name="sun.boot.library.path" value="D:\Program Files\Java\jdk1.8.0_351\jre\bin"/>
    <property name="java.vm.version" value="25.351-b10"/>
    <property name="java.vm.vendor" value="Oracle Corporation"/>
    <property name="maven.multiModuleProjectDirectory" value="D:\Project\ALTERRA ACADEMY\coding class\sauceDemo"/>
    <property name="java.vendor.url" value="http://java.oracle.com/"/>
    <property name="path.separator" value=";"/>
    <property name="guice.disable.misplaced.annotation.check" value="true"/>
    <property name="java.vm.name" value="Java HotSpot(TM) 64-Bit Server VM"/>
    <property name="file.encoding.pkg" value="sun.io"/>
    <property name="user.script" value=""/>
    <property name="user.country" value="ID"/>
    <property name="sun.java.launcher" value="SUN_STANDARD"/>
    <property name="sun.os.patch.level" value=""/>
    <property name="java.vm.specification.name" value="Java Virtual Machine Specification"/>
    <property name="user.dir" value="D:\Project\ALTERRA ACADEMY\coding class\sauceDemo"/>
    <property name="java.runtime.version" value="1.8.0_351-b10"/>
    <property name="java.awt.graphicsenv" value="sun.awt.Win32GraphicsEnvironment"/>
    <property name="java.endorsed.dirs" value="D:\Program Files\Java\jdk1.8.0_351\jre\lib\endorsed"/>
    <property name="os.arch" value="amd64"/>
    <property name="java.io.tmpdir" value="C:\Users\DICKYG~1\AppData\Local\Temp\"/>
    <property name="line.separator" value="
"/>
    <property name="java.vm.specification.vendor" value="Oracle Corporation"/>
    <property name="user.variant" value=""/>
    <property name="os.name" value="Windows 10"/>
    <property name="maven.ext.class.path" value="D:\Program Files\JetBrains\IntelliJ IDEA 2022.2.3\plugins\maven\lib\maven-event-listener.jar"/>
    <property name="classworlds.conf" value="D:\Program Files\JetBrains\IntelliJ IDEA 2022.2.3\plugins\maven\lib\maven3\bin\m2.conf"/>
    <property name="sun.jnu.encoding" value="Cp1252"/>
    <property name="java.library.path" value="D:\Program Files\Java\jdk1.8.0_351\bin;C:\Windows\Sun\Java\bin;C:\Windows\system32;C:\Windows;C:\Program Files (x86)\Common Files\Oracle\Java\javapath;C:\Program Files (x86)\Common Files\Intel\Shared Libraries\redist\intel64\compiler;C:\Windows\system32;C:\Windows;C:\Windows\System32\Wbem;C:\Windows\System32\WindowsPowerShell\v1.0\;C:\Windows\System32\OpenSSH\;C:\Program Files\NVIDIA Corporation\NVIDIA NvDLISR;C:\Program Files (x86)\NVIDIA Corporation\PhysX\Common;D:\Program Files (x86)\QuickTime\QTSystem\;D:\Program Files\Git\cmd;D:\Program Files\Microsoft VS Code\bin;%JAVA_HOME%\bin;C:\Users\Dicky Gustiatama\AppData\Local\Microsoft\WindowsApps;;."/>
    <property name="maven.conf" value="D:\Program Files\JetBrains\IntelliJ IDEA 2022.2.3\plugins\maven\lib\maven3/conf"/>
    <property name="java.specification.name" value="Java Platform API Specification"/>
    <property name="java.class.version" value="52.0"/>
    <property name="sun.management.compiler" value="HotSpot 64-Bit Tiered Compilers"/>
    <property name="os.version" value="10.0"/>
    <property name="user.home" value="C:\Users\Dicky Gustiatama"/>
    <property name="user.timezone" value="Asia/Bangkok"/>
    <property name="java.awt.printerjob" value="sun.awt.windows.WPrinterJob"/>
    <property name="java.specification.version" value="1.8"/>
    <property name="file.encoding" value="UTF-8"/>
    <property name="user.name" value="Dicky Gustiatama"/>
    <property name="java.class.path" value="D:\Program Files\JetBrains\IntelliJ IDEA 2022.2.3\plugins\maven\lib\maven3\boot\plexus-classworlds-2.6.0.jar;D:\Program Files\JetBrains\IntelliJ IDEA 2022.2.3\plugins\maven\lib\maven3\boot\plexus-classworlds.license;D:\Program Files\JetBrains\IntelliJ IDEA 2022.2.3\lib\idea_rt.jar"/>
    <property name="java.vm.specification.version" value="1.8"/>
    <property name="sun.arch.data.model" value="64"/>
    <property name="java.home" value="D:\Program Files\Java\jdk1.8.0_351\jre"/>
    <property name="sun.java.command" value="org.codehaus.classworlds.Launcher -Didea.version=2022.2.3 test"/>
    <property name="java.specification.vendor" value="Oracle Corporation"/>
    <property name="user.language" value="en"/>
    <property name="awt.toolkit" value="sun.awt.windows.WToolkit"/>
    <property name="java.vm.info" value="mixed mode"/>
    <property name="java.version" value="1.8.0_351"/>
    <property name="java.ext.dirs" value="D:\Program Files\Java\jdk1.8.0_351\jre\lib\ext;C:\Windows\Sun\Java\lib\ext"/>
    <property name="sun.boot.class.path" value="D:\Program Files\Java\jdk1.8.0_351\jre\lib\resources.jar;D:\Program Files\Java\jdk1.8.0_351\jre\lib\rt.jar;D:\Program Files\Java\jdk1.8.0_351\jre\lib\jsse.jar;D:\Program Files\Java\jdk1.8.0_351\jre\lib\jce.jar;D:\Program Files\Java\jdk1.8.0_351\jre\lib\charsets.jar;D:\Program Files\Java\jdk1.8.0_351\jre\lib\jfr.jar;D:\Program Files\Java\jdk1.8.0_351\jre\classes"/>
    <property name="java.vendor" value="Oracle Corporation"/>
    <property name="java.specification.maintenance.version" value="4"/>
    <property name="maven.home" value="D:\Program Files\JetBrains\IntelliJ IDEA 2022.2.3\plugins\maven\lib\maven3"/>
    <property name="file.separator" value="\"/>
    <property name="java.vendor.url.bug" value="http://bugreport.sun.com/bugreport/"/>
    <property name="sun.cpu.endian" value="little"/>
    <property name="sun.io.unicode.encoding" value="UnicodeLittle"/>
    <property name="sun.desktop" value="windows"/>
    <property name="sun.cpu.isalist" value="amd64"/>
  </properties>
  <testcase classname="Scenario: Filter Product and Checkout" name="Given user open the website sauce demo" time="0.002"/>
  <testcase classname="Scenario: Filter Product and Checkout" name="When user input &quot;standard_user&quot; as userName and input &quot;secret_sauce&quot; as password, character will be inputed" time="0"/>
  <testcase classname="Scenario: Filter Product and Checkout" name="Then user click login button" time="0"/>
  <testcase classname="Scenario: Filter Product and Checkout" name="When user select &quot;Name (Z to A)&quot; to FILTER PRODUCT item, product will be sorted by selected input" time="0"/>
  <testcase classname="Scenario: Filter Product and Checkout" name="And user pick item &quot;Sauce Labs Onesie,Test.allTheThings() T-Shirt (Red)&quot;" time="0"/>
  <testcase classname="Scenario: Filter Product and Checkout" name="When user has picked the products item, click Shopping Cart" time="0"/>
  <testcase classname="Scenario: Filter Product and Checkout" name="Then user will be redirected to page titled &quot;YOUR CART&quot;" time="0"/>
  <testcase classname="Scenario: Filter Product and Checkout" name="Then verify picked item &quot;Sauce Labs Onesie,Test.allTheThings() T-Shirt (Red)&quot;" time="0"/>
  <testcase classname="Scenario: Filter Product and Checkout" name="When user click remove item &quot;Test.allTheThings() T-Shirt (Red)&quot;" time="0"/>
  <testcase classname="Scenario: Filter Product and Checkout" name="Then verify picked item &quot;Sauce Labs Onesie&quot;" time="0"/>
  <testcase classname="Scenario: Filter Product and Checkout" name="When user click Checkout Button" time="0"/>
  <testcase classname="Scenario: Filter Product and Checkout" name="Then user will be redirected to page titled &quot;CHECKOUT: YOUR INFORMATION&quot;" time="0"/>
  <testcase classname="Scenario: Filter Product and Checkout" name="When user need to input Information First Name/Last Name/Postal Code :&quot;firstName&quot;/&quot;lastName&quot;/&quot;postalCode&quot;" time="0"/>
  <testcase classname="Scenario: Filter Product and Checkout" name="When user click Continue Button" time="0"/>
  <testcase classname="Scenario: Filter Product and Checkout" name="Then user will be redirected to page titled &quot;CHECKOUT: OVERVIEW&quot;" time="0"/>
  <testcase classname="Scenario: Filter Product and Checkout" name="Then verify product Name &quot;Sauce Labs Onesie&quot;" time="0"/>
  <testcase classname="Scenario: Filter Product and Checkout" name="When user click Finish Button" time="0"/>
  <testcase classname="Scenario: Filter Product and Checkout" name="Then user will be redirected to page titled &quot;CHECKOUT: COMPLETE!&quot;" time="0"/>
  <testcase classname="Scenario: Filter Product and Checkout" name="Scenario: Filter Product and Checkout" time="0.702"/>
</testsuite>